<?xml version="1.0" encoding="UTF-8"?>
<!-- Generated by org.testng.reporters.JUnitReportReporter -->
<testsuite hostname="DESKTOP-G9DF0PR" failures="0" tests="1" name="practice3.practicePipeline3Test" time="0.168" errors="0" timestamp="31 May 2022 06:38:00 GMT" skipped="0">
  <testcase classname="practice3.practicePipeline3Test" name="practice1Test" time="0.168"/>
</testsuite> <!-- practice3.practicePipeline3Test -->
