<?xml version="1.0" encoding="UTF-8"?>
<!-- Generated by org.testng.reporters.JUnitReportReporter -->
<testsuite hostname="DESKTOP-G9DF0PR" failures="0" tests="1" name="practice3.practicePipeline3" time="0.163" errors="0" timestamp="31 May 2022 06:36:11 GMT" skipped="0">
  <testcase classname="practice3.practicePipeline3" name="practice1Test" time="0.163"/>
</testsuite> <!-- practice3.practicePipeline3 -->
